cp[/opt/vyatta/config/tmp/new_config_1082]->[/opt/vyatta/config/tmp/tmp_1082/work]
no tap[/opt/vyatta/config/tmp/tmp_1082/active]
cp[/opt/vyatta/config/tmp/new_config_1082]->[/opt/vyatta/config/tmp/tmp_1082/active]
rm[/opt/vyatta/config/tmp/tmp_1082/active/interfaces/loopback/lo]
rm[/opt/vyatta/config/tmp/tmp_1082/active/interfaces/loopback]
cp[/opt/vyatta/config/tmp/new_config_1082/interfaces/loopback/lo]->[/opt/vyatta/config/tmp/tmp_1082/active/interfaces/loopback/lo]
rm[/opt/vyatta/config/tmp/tmp_1082/active/system/config-management/commit-revisions]
no ap[/opt/vyatta/config/active/system/config-management/commit-revisions]
rm[/opt/vyatta/config/tmp/tmp_1082/active/system/console]
cp[/opt/vyatta/config/tmp/new_config_1082/system/console]->[/opt/vyatta/config/tmp/tmp_1082/active/system/console]
rm[/opt/vyatta/config/tmp/tmp_1082/active/system/host-name]
cp[/opt/vyatta/config/tmp/new_config_1082/system/host-name]->[/opt/vyatta/config/tmp/tmp_1082/active/system/host-name]
rm[/opt/vyatta/config/tmp/tmp_1082/active/system/login]
cp[/opt/vyatta/config/tmp/new_config_1082/system/login]->[/opt/vyatta/config/tmp/tmp_1082/active/system/login]
rm[/opt/vyatta/config/tmp/tmp_1082/active/system/ntp]
cp[/opt/vyatta/config/tmp/new_config_1082/system/ntp]->[/opt/vyatta/config/tmp/tmp_1082/active/system/ntp]
rm[/opt/vyatta/config/tmp/tmp_1082/active/system/package]
cp[/opt/vyatta/config/tmp/new_config_1082/system/package]->[/opt/vyatta/config/tmp/tmp_1082/active/system/package]
rm[/opt/vyatta/config/tmp/tmp_1082/active/system/syslog]
cp[/opt/vyatta/config/tmp/new_config_1082/system/syslog]->[/opt/vyatta/config/tmp/tmp_1082/active/system/syslog]
rm[/opt/vyatta/config/tmp/tmp_1082/active/system/time-zone]
cp[/opt/vyatta/config/tmp/new_config_1082/system/time-zone]->[/opt/vyatta/config/tmp/tmp_1082/active/system/time-zone]
cp[/opt/vyatta/config/tmp/new_config_1077]->[/opt/vyatta/config/tmp/tmp_1077/work]
no tap[/opt/vyatta/config/tmp/tmp_1077/active]
cp[/opt/vyatta/config/tmp/new_config_1077]->[/opt/vyatta/config/tmp/tmp_1077/active]
rm[/opt/vyatta/config/tmp/tmp_1077/active/interfaces/loopback/lo]
rm[/opt/vyatta/config/tmp/tmp_1077/active/interfaces/loopback]
cp[/opt/vyatta/config/tmp/new_config_1077/interfaces/loopback/lo]->[/opt/vyatta/config/tmp/tmp_1077/active/interfaces/loopback/lo]
rm[/opt/vyatta/config/tmp/tmp_1077/active/system/config-management/commit-revisions]
no ap[/opt/vyatta/config/active/system/config-management/commit-revisions]
rm[/opt/vyatta/config/tmp/tmp_1077/active/system/console]
cp[/opt/vyatta/config/tmp/new_config_1077/system/console]->[/opt/vyatta/config/tmp/tmp_1077/active/system/console]
rm[/opt/vyatta/config/tmp/tmp_1077/active/system/host-name]
cp[/opt/vyatta/config/tmp/new_config_1077/system/host-name]->[/opt/vyatta/config/tmp/tmp_1077/active/system/host-name]
rm[/opt/vyatta/config/tmp/tmp_1077/active/system/login]
cp[/opt/vyatta/config/tmp/new_config_1077/system/login]->[/opt/vyatta/config/tmp/tmp_1077/active/system/login]
rm[/opt/vyatta/config/tmp/tmp_1077/active/system/ntp]
cp[/opt/vyatta/config/tmp/new_config_1077/system/ntp]->[/opt/vyatta/config/tmp/tmp_1077/active/system/ntp]
rm[/opt/vyatta/config/tmp/tmp_1077/active/system/package]
cp[/opt/vyatta/config/tmp/new_config_1077/system/package]->[/opt/vyatta/config/tmp/tmp_1077/active/system/package]
rm[/opt/vyatta/config/tmp/tmp_1077/active/system/syslog]
cp[/opt/vyatta/config/tmp/new_config_1077/system/syslog]->[/opt/vyatta/config/tmp/tmp_1077/active/system/syslog]
rm[/opt/vyatta/config/tmp/tmp_1077/active/system/time-zone]
cp[/opt/vyatta/config/tmp/new_config_1077/system/time-zone]->[/opt/vyatta/config/tmp/tmp_1077/active/system/time-zone]
